<?xml version="1.0" encoding="UTF-8"?>
<testsuite name="tests.lesson_8.RegistrationTestWithFakerTests" tests="1" skipped="0" failures="0" errors="0" timestamp="2023-12-12T14:37:09" hostname="NB-VIMELNIKOVA.local" time="11.973">
  <properties/>
  <testcase name="Test()" classname="tests.lesson_8.RegistrationTestWithFakerTests" time="11.973"/>
  <system-out><![CDATA[]]></system-out>
  <system-err><![CDATA[SLF4J: No SLF4J providers were found.
SLF4J: Defaulting to no-operation (NOP) logger implementation
SLF4J: See https://www.slf4j.org/codes.html#noProviders for further details.
дек. 12, 2023 5:37:10 PM org.openqa.selenium.remote.service.DriverService$Builder getLogOutput
INFO: Driver logs no longer sent to console by default; https://www.selenium.dev/documentation/webdriver/drivers/service/#setting-log-output
дек. 12, 2023 5:37:13 PM org.openqa.selenium.devtools.CdpVersionFinder findNearestMatch
WARNING: Unable to find CDP implementation matching 120
дек. 12, 2023 5:37:13 PM org.openqa.selenium.chromium.ChromiumDriver lambda$new$4
WARNING: Unable to find version of CDP to use for . You may need to include a dependency on a specific version of the CDP using something similar to `org.seleniumhq.selenium:selenium-devtools-v86:4.10.0` where the version ("v86") matches the version of the chromium-based browser you're using and the version number of the artifact is the same as Selenium's.
]]></system-err>
</testsuite>
